<?xml version="1.0" encoding="UTF-8"?>
<testsuite xmlns:xsi="http://www.w3.org/2001/XMLSchema-instance" xsi:noNamespaceSchemaLocation="https://maven.apache.org/surefire/maven-surefire-plugin/xsd/surefire-test-report-3.0.xsd" version="3.0" name="com.dantsu.escposprinter.ExampleUnitTest" time="0.795" tests="3" errors="0" skipped="0" failures="0">
  <properties>
    <property name="java.specification.version" value="17"/>
    <property name="sun.cpu.isalist" value="amd64"/>
    <property name="sun.jnu.encoding" value="GBK"/>
    <property name="java.class.path" value="D:\my_prjs\escpos-java-library\escposprinter\target\test-classes;D:\my_prjs\escpos-java-library\escposprinter\target\classes;C:\Users\kevin\.m2\repository\com\google\zxing\core\3.5.0\core-3.5.0.jar;C:\Users\kevin\.m2\repository\junit\junit\4.13.2\junit-4.13.2.jar;C:\Users\kevin\.m2\repository\org\hamcrest\hamcrest-core\1.3\hamcrest-core-1.3.jar;"/>
    <property name="java.vm.vendor" value="Oracle Corporation"/>
    <property name="sun.arch.data.model" value="64"/>
    <property name="user.variant" value=""/>
    <property name="java.vendor.url" value="https://java.oracle.com/"/>
    <property name="user.timezone" value="Asia/Shanghai"/>
    <property name="os.name" value="Windows 11"/>
    <property name="java.vm.specification.version" value="17"/>
    <property name="sun.java.launcher" value="SUN_STANDARD"/>
    <property name="user.country" value="CN"/>
    <property name="sun.boot.library.path" value="D:\tools\jdk-17.0.5\bin"/>
    <property name="sun.java.command" value="C:\Users\kevin\AppData\Local\Temp\surefire17299312231965064606\surefirebooter-20240817115512109_3.jar C:\Users\kevin\AppData\Local\Temp\surefire17299312231965064606 2024-08-17T11-55-08_773-jvmRun1 surefire-20240817115512109_1tmp surefire_0-20240817115512109_2tmp"/>
    <property name="jdk.debug" value="release"/>
    <property name="surefire.test.class.path" value="D:\my_prjs\escpos-java-library\escposprinter\target\test-classes;D:\my_prjs\escpos-java-library\escposprinter\target\classes;C:\Users\kevin\.m2\repository\com\google\zxing\core\3.5.0\core-3.5.0.jar;C:\Users\kevin\.m2\repository\junit\junit\4.13.2\junit-4.13.2.jar;C:\Users\kevin\.m2\repository\org\hamcrest\hamcrest-core\1.3\hamcrest-core-1.3.jar;"/>
    <property name="sun.cpu.endian" value="little"/>
    <property name="user.home" value="C:\Users\kevin"/>
    <property name="user.language" value="zh"/>
    <property name="java.specification.vendor" value="Oracle Corporation"/>
    <property name="java.version.date" value="2022-10-18"/>
    <property name="java.home" value="D:\tools\jdk-17.0.5"/>
    <property name="file.separator" value="\"/>
    <property name="basedir" value="D:\my_prjs\escpos-java-library\escposprinter"/>
    <property name="java.vm.compressedOopsMode" value="Zero based"/>
    <property name="line.separator" value="&#10;"/>
    <property name="java.vm.specification.vendor" value="Oracle Corporation"/>
    <property name="java.specification.name" value="Java Platform API Specification"/>
    <property name="surefire.real.class.path" value="C:\Users\kevin\AppData\Local\Temp\surefire17299312231965064606\surefirebooter-20240817115512109_3.jar"/>
    <property name="user.script" value=""/>
    <property name="sun.management.compiler" value="HotSpot 64-Bit Tiered Compilers"/>
    <property name="java.runtime.version" value="17.0.5+9-LTS-191"/>
    <property name="user.name" value="kevin"/>
    <property name="path.separator" value=";"/>
    <property name="os.version" value="10.0"/>
    <property name="java.runtime.name" value="Java(TM) SE Runtime Environment"/>
    <property name="file.encoding" value="GBK"/>
    <property name="java.vm.name" value="Java HotSpot(TM) 64-Bit Server VM"/>
    <property name="localRepository" value="C:\Users\kevin\.m2\repository"/>
    <property name="java.vendor.url.bug" value="https://bugreport.java.com/bugreport/"/>
    <property name="java.io.tmpdir" value="C:\Users\kevin\AppData\Local\Temp\"/>
    <property name="idea.version" value="2023.2.7"/>
    <property name="java.version" value="17.0.5"/>
    <property name="user.dir" value="D:\my_prjs\escpos-java-library\escposprinter"/>
    <property name="os.arch" value="amd64"/>
    <property name="java.vm.specification.name" value="Java Virtual Machine Specification"/>
    <property name="sun.os.patch.level" value=""/>
    <property name="native.encoding" value="GBK"/>
    <property name="java.library.path" value="D:\tools\jdk-17.0.5\bin;C:\WINDOWS\Sun\Java\bin;C:\WINDOWS\system32;C:\WINDOWS;C:\WINDOWS\system32;C:\WINDOWS;C:\WINDOWS\System32\Wbem;C:\WINDOWS\System32\WindowsPowerShell\v1.0\;C:\WINDOWS\System32\OpenSSH\;C:\Program Files\Docker\Docker\resources\bin;C:\ProgramData\DockerDesktop\version-bin;C:\Program Files\Git\cmd;D:\tools\nvm;C:\Program Files\nodejs;D:\tools\NetSarang\Xshell8\;d:\tools\wx_ide\dll;D:\tools\NetSarang\Xftp8\;C:\Users\kevin\AppData\Local\Microsoft\WindowsApps;d:\tools\VSCode\bin;D:\tools\nvm;C:\Program Files\nodejs;C:\Users\kevin\AppData\Local\Yarn\bin;."/>
    <property name="java.vm.info" value="mixed mode, sharing"/>
    <property name="java.vendor" value="Oracle Corporation"/>
    <property name="java.vm.version" value="17.0.5+9-LTS-191"/>
    <property name="sun.io.unicode.encoding" value="UnicodeLittle"/>
    <property name="java.class.version" value="61.0"/>
  </properties>
  <testcase name="t01" classname="com.dantsu.escposprinter.ExampleUnitTest" time="0.285"/>
  <testcase name="t02" classname="com.dantsu.escposprinter.ExampleUnitTest" time="0.465">
    <system-out><![CDATA[G0AbdAAdIQAbRwAbLQAbRQAbcgAdQgAbdAAbRQFCRUFVVElGVUwgU0hJUlQg1tDOxBt0ABtFABt0ACAgICAgICAbdAA5Ljk5ZQobdAAgICsgU2l6ZSA6IFMbdAAgICAgICAgICAgICAgICAgICAgIAobSqAdVgE=
]]></system-out>
  </testcase>
  <testcase name="addition_isCorrect" classname="com.dantsu.escposprinter.ExampleUnitTest" time="0"/>
</testsuite>